04-07-2023 14:48:44:4844 [31merror[39m: [31m inside error handler: Error: Not Found[39m
04-07-2023 14:50:07:507 [31merror[39m: [31m inside error handler: 3067 some Error occurred while processing your request. please try again, if the problem persist, Please contact us[39m
04-07-2023 14:56:47:5647 [31merror[39m: [31m inside error handler: Error: Not Found[39m
04-07-2023 15:06:35:635 [31merror[39m: [31m inside error handler: 102 incorrect email or password[39m
10-07-2023 10:20:21:2021 [31merror[39m: [31m inside error handler: Error: Not Found[39m
10-07-2023 10:23:07:237 [31merror[39m: [31m inside error handler: Error: Not Found[39m
10-07-2023 10:23:15:2315 [31merror[39m: [31m inside error handler: 3067 some Error occurred while processing your request. please try again, if the problem persist, Please contact us[39m
10-07-2023 10:34:12:3412 [31merror[39m: [31m inside error handler: 506 Propert belogns to diffrent Agent[39m
10-07-2023 10:35:15:3515 [31merror[39m: [31m inside error handler: 506 Propert belongs to diffrent Agent[39m
10-07-2023 10:36:22:3622 [31merror[39m: [31m inside error handler: 506 Propert belongs to diffrent Agent[39m
10-07-2023 10:41:45:4145 [31merror[39m: [31m inside error handler: 3067 some Error occurred while processing your request. please try again, if the problem persist, Please contact us[39m
20-07-2023 10:02:41:241 [31merror[39m: [31m inside error handler: 3067 some Error occurred while processing your request. please try again, if the problem persist, Please contact us[39m
20-07-2023 10:04:53:453 [31merror[39m: [31m inside error handler: 3067 some Error occurred while processing your request. please try again, if the problem persist, Please contact us[39m
20-07-2023 10:05:49:549 [31merror[39m: [31m inside error handler: 3067 some Error occurred while processing your request. please try again, if the problem persist, Please contact us[39m
20-07-2023 10:06:21:621 [31merror[39m: [31m inside error handler: 3067 some Error occurred while processing your request. please try again, if the problem persist, Please contact us[39m
20-07-2023 10:06:48:648 [31merror[39m: [31m inside error handler: 3067 some Error occurred while processing your request. please try again, if the problem persist, Please contact us[39m
20-07-2023 10:07:58:758 [31merror[39m: [31m inside error handler: 3067 some Error occurred while processing your request. please try again, if the problem persist, Please contact us[39m
20-07-2023 10:25:30:2530 [31merror[39m: [31m inside error handler: 3067 some Error occurred while processing your request. please try again, if the problem persist, Please contact us[39m
20-07-2023 10:26:27:2627 [31merror[39m: [31m inside error handler: 3067 some Error occurred while processing your request. please try again, if the problem persist, Please contact us[39m
20-07-2023 10:27:11:2711 [31merror[39m: [31m inside error handler: 3067 some Error occurred while processing your request. please try again, if the problem persist, Please contact us[39m
20-07-2023 10:27:14:2714 [31merror[39m: [31m inside error handler: 3067 some Error occurred while processing your request. please try again, if the problem persist, Please contact us[39m
20-07-2023 10:33:15:3315 [31merror[39m: [31m inside error handler: 104 User with this email already exist[39m
20-07-2023 10:35:41:3541 [31merror[39m: [31m inside error handler: SyntaxError: Unexpected token ] in JSON at position 1737[39m
20-07-2023 11:29:47:2947 [31merror[39m: [31m inside error handler: 3067 some Error occurred while processing your request. please try again, if the problem persist, Please contact us[39m
20-07-2023 11:33:44:3344 [31merror[39m: [31m inside error handler: 3067 some Error occurred while processing your request. please try again, if the problem persist, Please contact us[39m
20-07-2023 11:35:55:3555 [31merror[39m: [31m inside error handler: 3067 some Error occurred while processing your request. please try again, if the problem persist, Please contact us[39m
20-07-2023 11:43:22:4322 [31merror[39m: [31m inside error handler: Error: Not Found[39m
20-07-2023 11:43:40:4340 [31merror[39m: [31m inside error handler: Error: Not Found[39m
20-07-2023 11:44:10:4410 [31merror[39m: [31m inside error handler: Error: Not Found[39m
20-07-2023 14:18:51:1851 [31merror[39m: [31m inside error handler: 3067 some Error occurred while processing your request. please try again, if the problem persist, Please contact us[39m
20-07-2023 14:20:37:2037 [31merror[39m: [31m inside error handler: 3067 some Error occurred while processing your request. please try again, if the problem persist, Please contact us[39m
20-07-2023 14:27:05:275 [31merror[39m: [31m inside error handler: 3067 some Error occurred while processing your request. please try again, if the problem persist, Please contact us[39m
20-07-2023 14:27:12:2712 [31merror[39m: [31m inside error handler: 3067 some Error occurred while processing your request. please try again, if the problem persist, Please contact us[39m
20-07-2023 14:36:00:360 [31merror[39m: [31m inside error handler: 3067 some Error occurred while processing your request. please try again, if the problem persist, Please contact us[39m
20-07-2023 14:37:24:3724 [31merror[39m: [31m inside error handler: 3067 some Error occurred while processing your request. please try again, if the problem persist, Please contact us[39m
20-07-2023 14:45:05:455 [31merror[39m: [31m inside error handler: 3067 some Error occurred while processing your request. please try again, if the problem persist, Please contact us[39m
20-07-2023 14:47:35:4735 [31merror[39m: [31m inside error handler: 3067 some Error occurred while processing your request. please try again, if the problem persist, Please contact us[39m
20-07-2023 14:50:14:5014 [31merror[39m: [31m inside error handler: 3067 some Error occurred while processing your request. please try again, if the problem persist, Please contact us[39m
20-07-2023 14:51:45:5145 [31merror[39m: [31m inside error handler: 3067 some Error occurred while processing your request. please try again, if the problem persist, Please contact us[39m
20-07-2023 14:55:12:5512 [31merror[39m: [31m inside error handler: 3067 some Error occurred while processing your request. please try again, if the problem persist, Please contact us[39m
20-07-2023 14:57:13:5713 [31merror[39m: [31m inside error handler: 3067 some Error occurred while processing your request. please try again, if the problem persist, Please contact us[39m
20-07-2023 15:16:41:1641 [31merror[39m: [31m inside error handler: 3067 some Error occurred while processing your request. please try again, if the problem persist, Please contact us[39m
20-07-2023 15:20:08:208 [31merror[39m: [31m inside error handler: 3067 some Error occurred while processing your request. please try again, if the problem persist, Please contact us[39m
20-07-2023 15:20:50:2050 [31merror[39m: [31m inside error handler: 3067 some Error occurred while processing your request. please try again, if the problem persist, Please contact us[39m
20-07-2023 15:23:33:2333 [31merror[39m: [31m inside error handler: 3067 some Error occurred while processing your request. please try again, if the problem persist, Please contact us[39m
20-07-2023 15:24:50:2450 [31merror[39m: [31m inside error handler: 3067 some Error occurred while processing your request. please try again, if the problem persist, Please contact us[39m
20-07-2023 15:27:56:2756 [31merror[39m: [31m inside error handler: 3067 some Error occurred while processing your request. please try again, if the problem persist, Please contact us[39m
20-07-2023 15:29:01:291 [31merror[39m: [31m inside error handler: 3067 some Error occurred while processing your request. please try again, if the problem persist, Please contact us[39m
20-07-2023 15:30:35:3035 [31merror[39m: [31m inside error handler: 3067 some Error occurred while processing your request. please try again, if the problem persist, Please contact us[39m
20-07-2023 15:31:02:312 [31merror[39m: [31m inside error handler: 3067 some Error occurred while processing your request. please try again, if the problem persist, Please contact us[39m
20-07-2023 15:33:15:3315 [31merror[39m: [31m inside error handler: 3067 some Error occurred while processing your request. please try again, if the problem persist, Please contact us[39m
20-07-2023 15:33:57:3357 [31merror[39m: [31m inside error handler: 3067 some Error occurred while processing your request. please try again, if the problem persist, Please contact us[39m
20-07-2023 15:34:42:3442 [31merror[39m: [31m inside error handler: 905 project does not exist[39m
20-07-2023 15:35:52:3552 [31merror[39m: [31m inside error handler: 3067 some Error occurred while processing your request. please try again, if the problem persist, Please contact us[39m
20-07-2023 15:38:07:387 [31merror[39m: [31m inside error handler: 3067 some Error occurred while processing your request. please try again, if the problem persist, Please contact us[39m
20-07-2023 15:49:04:494 [31merror[39m: [31m inside error handler: 104 User with this email already exist[39m
20-07-2023 16:30:05:305 [31merror[39m: [31m inside error handler: 3067 some Error occurred while processing your request. please try again, if the problem persist, Please contact us[39m
20-07-2023 16:42:56:4256 [31merror[39m: [31m inside error handler: 3067 some Error occurred while processing your request. please try again, if the problem persist, Please contact us[39m
20-07-2023 16:45:06:456 [31merror[39m: [31m inside error handler: 3067 some Error occurred while processing your request. please try again, if the problem persist, Please contact us[39m
20-07-2023 16:46:18:4618 [31merror[39m: [31m inside error handler: 3067 some Error occurred while processing your request. please try again, if the problem persist, Please contact us[39m
20-07-2023 16:55:02:552 [31merror[39m: [31m inside error handler: Error: Not Found[39m
20-07-2023 16:55:07:557 [31merror[39m: [31m inside error handler: 3067 some Error occurred while processing your request. please try again, if the problem persist, Please contact us[39m
20-07-2023 16:55:18:5518 [31merror[39m: [31m inside error handler: 105 User have active properties[39m
20-07-2023 16:55:44:5544 [31merror[39m: [31m inside error handler: 105 User have active properties[39m
21-07-2023 10:26:32:2632 [31merror[39m: [31m inside error handler: Error: Not Found[39m
21-07-2023 10:30:04:304 [31merror[39m: [31m inside error handler: 3067 some Error occurred while processing your request. please try again, if the problem persist, Please contact us[39m
21-07-2023 10:50:01:501 [31merror[39m: [31m inside error handler: 503 Sorry! Project with this id is notExist/disabled/deleted[39m
21-07-2023 11:59:30:5930 [31merror[39m: [31m inside error handler: Error: Not Found[39m
21-07-2023 12:00:00:00 [31merror[39m: [31m inside error handler: Error: Not Found[39m
21-07-2023 12:00:02:02 [31merror[39m: [31m inside error handler: Error: Not Found[39m
21-07-2023 12:00:17:017 [31merror[39m: [31m inside error handler: Error: Not Found[39m
21-07-2023 12:00:17:017 [31merror[39m: [31m inside error handler: Error: Not Found[39m
21-07-2023 12:00:46:046 [31merror[39m: [31m inside error handler: Error: Not Found[39m
21-07-2023 12:04:31:431 [31merror[39m: [31m inside error handler: Error: Not Found[39m
21-07-2023 13:39:41:3941 [31merror[39m: [31m inside error handler: 3067 some Error occurred while processing your request. please try again, if the problem persist, Please contact us[39m
04-08-2023 10:03:40:340 [31merror[39m: [31m inside error handler: 3067 some Error occurred while processing your request. please try again, if the problem persist, Please contact us[39m
04-08-2023 11:30:00:300 [31merror[39m: [31m inside error handler: 3067 some Error occurred while processing your request. please try again, if the problem persist, Please contact us[39m
04-08-2023 11:32:26:3226 [31merror[39m: [31m inside error handler: 3067 some Error occurred while processing your request. please try again, if the problem persist, Please contact us[39m
04-08-2023 11:33:39:3339 [31merror[39m: [31m inside error handler: 3067 some Error occurred while processing your request. please try again, if the problem persist, Please contact us[39m
04-08-2023 11:34:30:3430 [31merror[39m: [31m inside error handler: 503 Sorry! Project with this id is notExist/disabled/deleted[39m
04-08-2023 11:34:57:3457 [31merror[39m: [31m inside error handler: 3067 some Error occurred while processing your request. please try again, if the problem persist, Please contact us[39m
04-08-2023 11:35:45:3545 [31merror[39m: [31m inside error handler: 3067 some Error occurred while processing your request. please try again, if the problem persist, Please contact us[39m
04-08-2023 11:36:01:361 [31merror[39m: [31m inside error handler: 3067 some Error occurred while processing your request. please try again, if the problem persist, Please contact us[39m
04-08-2023 11:44:57:4457 [31merror[39m: [31m inside error handler: Error: Not Found[39m
04-08-2023 11:45:14:4514 [31merror[39m: [31m inside error handler: 3067 some Error occurred while processing your request. please try again, if the problem persist, Please contact us[39m
04-08-2023 11:56:10:5610 [31merror[39m: [31m inside error handler: 3067 some Error occurred while processing your request. please try again, if the problem persist, Please contact us[39m
04-08-2023 12:02:56:256 [31merror[39m: [31m inside error handler: SyntaxError: Expected double-quoted property name in JSON at position 42[39m
04-08-2023 12:09:39:939 [31merror[39m: [31m inside error handler: 3067 some Error occurred while processing your request. please try again, if the problem persist, Please contact us[39m
04-08-2023 12:10:30:1030 [31merror[39m: [31m inside error handler: 3067 some Error occurred while processing your request. please try again, if the problem persist, Please contact us[39m
04-08-2023 15:25:09:259 [31merror[39m: [31m inside error handler: 102 incorrect email or password[39m
04-08-2023 15:27:33:2733 [31merror[39m: [31m inside error handler: 102 incorrect email or password[39m
04-08-2023 15:28:15:2815 [31merror[39m: [31m inside error handler: 102 incorrect email or password[39m
04-08-2023 15:49:12:4912 [31merror[39m: [31m inside error handler: 3067 some Error occurred while processing your request. please try again, if the problem persist, Please contact us[39m
06-10-2023 10:18:56:1856 [31merror[39m: [31mUnable to connect to the database: SequelizeConnectionRefusedError: connect ECONNREFUSED ::1:3306[39m
06-10-2023 10:21:42:2142 [31merror[39m: [31mUnable to connect to the database: SequelizeConnectionRefusedError: connect ECONNREFUSED ::1:3306[39m
06-10-2023 10:22:13:2213 [31merror[39m: [31mUnable to connect to the database: SequelizeConnectionRefusedError: connect ECONNREFUSED ::1:3306[39m
06-10-2023 10:26:08:268 [31merror[39m: [31m inside error handler: Error: Not Found[39m
06-10-2023 10:26:19:2619 [31merror[39m: [31m inside error handler: Error: Not Found[39m
06-10-2023 10:29:11:2911 [31merror[39m: [31m inside error handler: Error: Not Found[39m
06-10-2023 10:31:21:3121 [31merror[39m: [31m inside error handler: 3067 some Error occurred while processing your request. please try again, if the problem persist, Please contact us[39m
06-10-2023 10:32:03:323 [31merror[39m: [31m inside error handler: 3067 some Error occurred while processing your request. please try again, if the problem persist, Please contact us[39m
06-10-2023 10:36:03:363 [31merror[39m: [31m inside error handler: 3067 some Error occurred while processing your request. please try again, if the problem persist, Please contact us[39m
06-10-2023 10:40:11:4011 [31merror[39m: [31m inside error handler: 3067 some Error occurred while processing your request. please try again, if the problem persist, Please contact us[39m
06-10-2023 10:41:52:4152 [31merror[39m: [31m inside error handler: 3067 some Error occurred while processing your request. please try again, if the problem persist, Please contact us[39m
06-10-2023 10:42:39:4239 [31merror[39m: [31m inside error handler: 3067 some Error occurred while processing your request. please try again, if the problem persist, Please contact us[39m
06-10-2023 10:44:53:4453 [31merror[39m: [31m inside error handler: 3067 some Error occurred while processing your request. please try again, if the problem persist, Please contact us[39m
06-10-2023 10:45:45:4545 [31merror[39m: [31m inside error handler: 3067 some Error occurred while processing your request. please try again, if the problem persist, Please contact us[39m
06-10-2023 10:49:59:4959 [31merror[39m: [31m inside error handler: 3067 some Error occurred while processing your request. please try again, if the problem persist, Please contact us[39m
06-10-2023 11:03:04:34 [31merror[39m: [31m inside error handler: Error: Not Found[39m
08-10-2023 12:56:47:5647 [31merror[39m: [31mUnable to connect to the database: SequelizeConnectionRefusedError: connect ECONNREFUSED ::1:8889[39m
08-10-2023 14:14:25:1425 [31merror[39m: [31m inside error handler: Error: Not Found[39m
08-10-2023 14:14:34:1434 [31merror[39m: [31m inside error handler: Error: Not Found[39m
11-10-2023 00:48:07:487 [31merror[39m: [31m inside error handler: Error: Not Found[39m
11-10-2023 00:48:07:487 [31merror[39m: [31m inside error handler: Error: Not Found[39m
12-10-2023 20:00:30:030 [31merror[39m: [31mUnable to connect to the database: SequelizeConnectionRefusedError: connect ECONNREFUSED ::1:8889[39m
14-10-2023 15:04:09:49 [31merror[39m: [31m inside error handler: 3067 some Error occurred while processing your request. please try again, if the problem persist, Please contact us[39m
14-10-2023 15:04:14:414 [31merror[39m: [31m inside error handler: 3067 some Error occurred while processing your request. please try again, if the problem persist, Please contact us[39m
14-10-2023 15:04:40:440 [31merror[39m: [31m inside error handler: 3067 some Error occurred while processing your request. please try again, if the problem persist, Please contact us[39m
14-10-2023 15:05:52:552 [31merror[39m: [31m inside error handler: 3067 some Error occurred while processing your request. please try again, if the problem persist, Please contact us[39m
14-10-2023 15:06:44:644 [31merror[39m: [31m inside error handler: 3067 some Error occurred while processing your request. please try again, if the problem persist, Please contact us[39m
16-10-2023 08:55:03:553 [31merror[39m: [31m inside error handler: 3067 some Error occurred while processing your request. please try again, if the problem persist, Please contact us[39m
16-10-2023 08:55:17:5517 [31merror[39m: [31m inside error handler: 3067 some Error occurred while processing your request. please try again, if the problem persist, Please contact us[39m
16-10-2023 09:05:29:529 [31merror[39m: [31m inside error handler: 3067 some Error occurred while processing your request. please try again, if the problem persist, Please contact us[39m
16-10-2023 13:04:17:417 [31merror[39m: [31m inside error handler: 3067 some Error occurred while processing your request. please try again, if the problem persist, Please contact us[39m
16-10-2023 13:04:20:420 [31merror[39m: [31m inside error handler: 3067 some Error occurred while processing your request. please try again, if the problem persist, Please contact us[39m
16-10-2023 13:05:51:551 [31merror[39m: [31m inside error handler: 3067 some Error occurred while processing your request. please try again, if the problem persist, Please contact us[39m
17-10-2023 11:59:26:5926 [31merror[39m: [31mUnable to connect to the database: SequelizeConnectionRefusedError: connect ECONNREFUSED ::1:8889[39m
17-10-2023 12:07:35:735 [31merror[39m: [31m inside error handler: Error: Not Found[39m
17-10-2023 12:18:14:1814 [31merror[39m: [31m inside error handler: Error: Not Found[39m
17-10-2023 12:19:47:1947 [31merror[39m: [31m inside error handler: Error: Not Found[39m
17-10-2023 12:19:50:1950 [31merror[39m: [31m inside error handler: Error: Not Found[39m
17-10-2023 12:19:59:1959 [31merror[39m: [31m inside error handler: Error: Not Found[39m
17-10-2023 12:20:35:2035 [31merror[39m: [31m inside error handler: 3067 some Error occurred while processing your request. please try again, if the problem persist, Please contact us[39m
17-10-2023 12:20:49:2049 [31merror[39m: [31m inside error handler: Error: Not Found[39m
17-10-2023 12:20:55:2055 [31merror[39m: [31m inside error handler: 3067 some Error occurred while processing your request. please try again, if the problem persist, Please contact us[39m
17-10-2023 12:21:18:2118 [31merror[39m: [31m inside error handler: Error: Not Found[39m
17-10-2023 12:21:23:2123 [31merror[39m: [31m inside error handler: Error: Not Found[39m
17-10-2023 12:21:42:2142 [31merror[39m: [31m inside error handler: Error: Not Found[39m
17-10-2023 12:29:20:2920 [31merror[39m: [31m inside error handler: Error: Not Found[39m
17-10-2023 12:29:26:2926 [31merror[39m: [31m inside error handler: Error: Not Found[39m
17-10-2023 12:51:00:510 [31merror[39m: [31m inside error handler: 3067 some Error occurred while processing your request. please try again, if the problem persist, Please contact us[39m
17-10-2023 12:51:23:5123 [31merror[39m: [31m inside error handler: 3067 some Error occurred while processing your request. please try again, if the problem persist, Please contact us[39m
17-10-2023 12:54:18:5418 [31merror[39m: [31m inside error handler: 3067 some Error occurred while processing your request. please try again, if the problem persist, Please contact us[39m
17-10-2023 13:37:54:3754 [31merror[39m: [31m inside error handler: Error: Not Found[39m
17-10-2023 13:37:56:3756 [31merror[39m: [31m inside error handler: Error: Not Found[39m
17-10-2023 13:44:00:440 [31merror[39m: [31m inside error handler: 3067 some Error occurred while processing your request. please try again, if the problem persist, Please contact us[39m
17-10-2023 13:44:47:4447 [31merror[39m: [31m inside error handler: 3067 some Error occurred while processing your request. please try again, if the problem persist, Please contact us[39m
17-10-2023 13:47:32:4732 [31merror[39m: [31m inside error handler: 3067 some Error occurred while processing your request. please try again, if the problem persist, Please contact us[39m
17-10-2023 13:47:32:4732 [31merror[39m: [31m inside error handler: 3067 some Error occurred while processing your request. please try again, if the problem persist, Please contact us[39m
17-10-2023 13:47:32:4732 [31merror[39m: [31m inside error handler: 3067 some Error occurred while processing your request. please try again, if the problem persist, Please contact us[39m
17-10-2023 13:48:28:4828 [31merror[39m: [31m inside error handler: 3067 some Error occurred while processing your request. please try again, if the problem persist, Please contact us[39m
17-10-2023 13:48:28:4828 [31merror[39m: [31m inside error handler: 3067 some Error occurred while processing your request. please try again, if the problem persist, Please contact us[39m
17-10-2023 13:48:28:4828 [31merror[39m: [31m inside error handler: 3067 some Error occurred while processing your request. please try again, if the problem persist, Please contact us[39m
17-10-2023 13:48:28:4828 [31merror[39m: [31m inside error handler: 3067 some Error occurred while processing your request. please try again, if the problem persist, Please contact us[39m
17-10-2023 18:07:31:731 [31merror[39m: [31m inside error handler: 3067 some Error occurred while processing your request. please try again, if the problem persist, Please contact us[39m
18-10-2023 10:59:22:5922 [31merror[39m: [31m inside error handler: 110 Ivalid Promocde[39m
18-10-2023 10:59:24:5924 [31merror[39m: [31m inside error handler: 110 Ivalid Promocde[39m
18-10-2023 10:59:50:5950 [31merror[39m: [31m inside error handler: 110 Ivalid Promocde[39m
18-10-2023 10:59:55:5955 [31merror[39m: [31m inside error handler: 110 Ivalid Promocde[39m
18-10-2023 11:04:30:430 [31merror[39m: [31m inside error handler: 110 Ivalid Promocde[39m
18-10-2023 11:04:48:448 [31merror[39m: [31m inside error handler: 110 Ivalid Promocde[39m
18-10-2023 11:04:57:457 [31merror[39m: [31m inside error handler: 110 Ivalid Promocde[39m
18-10-2023 11:08:51:851 [31merror[39m: [31m inside error handler: 110 Ivalid Promocde[39m
18-10-2023 11:09:28:928 [31merror[39m: [31m inside error handler: 110 Ivalid Promocde[39m
18-10-2023 11:18:36:1836 [31merror[39m: [31m inside error handler: 110 Invalid Promocde[39m
18-10-2023 11:19:32:1932 [31merror[39m: [31m inside error handler: 110 Invalid Promocde[39m
18-10-2023 11:30:20:3020 [31merror[39m: [31m inside error handler: 110 Invalid Promocde[39m
18-10-2023 12:53:14:5314 [31merror[39m: [31m inside error handler: 120 Account Not Found[39m
18-10-2023 12:53:16:5316 [31merror[39m: [31m inside error handler: 120 Account Not Found[39m
18-10-2023 12:53:22:5322 [31merror[39m: [31m inside error handler: 120 Account Not Found[39m
18-10-2023 12:53:34:5334 [31merror[39m: [31m inside error handler: 120 Account Not Found[39m
18-10-2023 12:54:16:5416 [31merror[39m: [31m inside error handler: 120 Account Not Found[39m
18-10-2023 12:57:52:5752 [31merror[39m: [31m inside error handler: 120 Account Not Found[39m
18-10-2023 12:57:57:5757 [31merror[39m: [31m inside error handler: 120 Account Not Found[39m
18-10-2023 12:59:05:595 [31merror[39m: [31m inside error handler: 120 Account Not Found[39m
18-10-2023 12:59:06:596 [31merror[39m: [31m inside error handler: 120 Account Not Found[39m
18-10-2023 13:04:40:440 [31merror[39m: [31m inside error handler: 120 Account Not Found[39m
18-10-2023 13:06:16:616 [31merror[39m: [31m inside error handler: 120 Account Not Found[39m
18-10-2023 13:06:19:619 [31merror[39m: [31m inside error handler: 120 Account Not Found[39m
18-10-2023 13:06:19:619 [31merror[39m: [31m inside error handler: 120 Account Not Found[39m
18-10-2023 13:06:21:621 [31merror[39m: [31m inside error handler: 120 Account Not Found[39m
18-10-2023 13:06:21:621 [31merror[39m: [31m inside error handler: 120 Account Not Found[39m
18-10-2023 13:06:43:643 [31merror[39m: [31m inside error handler: 120 Account Not Found[39m
18-10-2023 13:06:43:643 [31merror[39m: [31m inside error handler: 120 Account Not Found[39m
18-10-2023 13:07:02:72 [31merror[39m: [31m inside error handler: 120 Account Not Found[39m
18-10-2023 13:07:03:73 [31merror[39m: [31m inside error handler: 120 Account Not Found[39m
18-10-2023 13:07:07:77 [31merror[39m: [31m inside error handler: 120 Account Not Found[39m
18-10-2023 13:07:09:79 [31merror[39m: [31m inside error handler: 120 Account Not Found[39m
18-10-2023 13:07:11:711 [31merror[39m: [31m inside error handler: 120 Account Not Found[39m
18-10-2023 13:07:13:713 [31merror[39m: [31m inside error handler: 120 Account Not Found[39m
18-10-2023 13:07:15:715 [31merror[39m: [31m inside error handler: 120 Account Not Found[39m
18-10-2023 13:07:18:718 [31merror[39m: [31m inside error handler: 120 Account Not Found[39m
18-10-2023 13:07:26:726 [31merror[39m: [31m inside error handler: 120 Account Not Found[39m
18-10-2023 13:07:26:726 [31merror[39m: [31m inside error handler: 120 Account Not Found[39m
18-10-2023 13:13:41:1341 [31merror[39m: [31m inside error handler: Error: Not Found[39m
18-10-2023 13:13:44:1344 [31merror[39m: [31m inside error handler: Error: Not Found[39m
18-10-2023 13:16:29:1629 [31merror[39m: [31m inside error handler: Error: Not Found[39m
18-10-2023 13:17:13:1713 [31merror[39m: [31m inside error handler: 3067 some Error occurred while processing your request. please try again, if the problem persist, Please contact us[39m
18-10-2023 13:17:14:1714 [31merror[39m: [31m inside error handler: 3067 some Error occurred while processing your request. please try again, if the problem persist, Please contact us[39m
18-10-2023 13:17:38:1738 [31merror[39m: [31m inside error handler: 3067 some Error occurred while processing your request. please try again, if the problem persist, Please contact us[39m
18-10-2023 13:17:57:1757 [31merror[39m: [31m inside error handler: 120 Account Not Found[39m
18-10-2023 13:18:05:185 [31merror[39m: [31m inside error handler: 120 Account Not Found[39m
18-10-2023 13:18:05:185 [31merror[39m: [31m inside error handler: 120 Account Not Found[39m
18-10-2023 14:12:54:1254 [31merror[39m: [31m inside error handler: 120 Account Not Found[39m
18-10-2023 14:12:58:1258 [31merror[39m: [31m inside error handler: 120 Account Not Found[39m
18-10-2023 14:12:58:1258 [31merror[39m: [31m inside error handler: 120 Account Not Found[39m
18-10-2023 14:13:22:1322 [31merror[39m: [31m inside error handler: 120 Account Not Found[39m
18-10-2023 14:13:26:1326 [31merror[39m: [31m inside error handler: 120 Account Not Found[39m
18-10-2023 14:13:26:1326 [31merror[39m: [31m inside error handler: 120 Account Not Found[39m
18-10-2023 14:14:04:144 [31merror[39m: [31m inside error handler: 120 Account Not Found[39m
18-10-2023 14:14:37:1437 [31merror[39m: [31m inside error handler: 120 Account Not Found[39m
18-10-2023 14:15:18:1518 [31merror[39m: [31m inside error handler: 120 Account Not Found[39m
18-10-2023 14:15:20:1520 [31merror[39m: [31m inside error handler: 120 Account Not Found[39m
18-10-2023 14:15:27:1527 [31merror[39m: [31m inside error handler: 120 Account Not Found[39m
18-10-2023 14:16:26:1626 [31merror[39m: [31m inside error handler: 120 Account Not Found[39m
18-10-2023 14:16:26:1626 [31merror[39m: [31m inside error handler: 120 Account Not Found[39m
18-10-2023 14:18:01:181 [31merror[39m: [31m inside error handler: 120 Account Not Found[39m
18-10-2023 14:19:52:1952 [31merror[39m: [31m inside error handler: 120 Account Not Found[39m
18-10-2023 14:19:52:1952 [31merror[39m: [31m inside error handler: 120 Account Not Found[39m
18-10-2023 14:20:04:204 [31merror[39m: [31m inside error handler: Error: Not Found[39m
18-10-2023 14:20:05:205 [31merror[39m: [31m inside error handler: Error: Not Found[39m
18-10-2023 14:20:21:2021 [31merror[39m: [31m inside error handler: 120 Account Not Found[39m
18-10-2023 14:20:21:2021 [31merror[39m: [31m inside error handler: 120 Account Not Found[39m
18-10-2023 14:21:51:2151 [31merror[39m: [31m inside error handler: 120 Account Not Found[39m
18-10-2023 14:23:44:2344 [31merror[39m: [31m inside error handler: 120 Account Not Found[39m
18-10-2023 14:24:19:2419 [31merror[39m: [31m inside error handler: 120 Account Not Found[39m
18-10-2023 14:29:54:2954 [31merror[39m: [31m inside error handler: 120 Account Not Found[39m
18-10-2023 14:29:54:2954 [31merror[39m: [31m inside error handler: 120 Account Not Found[39m
18-10-2023 14:29:56:2956 [31merror[39m: [31m inside error handler: 120 Account Not Found[39m
18-10-2023 14:29:56:2956 [31merror[39m: [31m inside error handler: 120 Account Not Found[39m
18-10-2023 14:29:56:2956 [31merror[39m: [31m inside error handler: 120 Account Not Found[39m
18-10-2023 14:30:03:303 [31merror[39m: [31m inside error handler: 120 Account Not Found[39m
18-10-2023 14:30:03:303 [31merror[39m: [31m inside error handler: 120 Account Not Found[39m
18-10-2023 14:31:44:3144 [31merror[39m: [31m inside error handler: 120 Account Not Found[39m
18-10-2023 15:41:20:4120 [31merror[39m: [31m inside error handler: 3067 some Error occurred while processing your request. please try again, if the problem persist, Please contact us[39m
18-10-2023 15:41:42:4142 [31merror[39m: [31m inside error handler: 3067 some Error occurred while processing your request. please try again, if the problem persist, Please contact us[39m
18-10-2023 15:42:00:420 [31merror[39m: [31m inside error handler: 122 Email already regiered[39m
18-10-2023 15:46:55:4655 [31merror[39m: [31m inside error handler: 122 Email already regiered[39m
18-10-2023 15:47:53:4753 [31merror[39m: [31m inside error handler: 122 Email already regiered[39m
18-10-2023 15:48:37:4837 [31merror[39m: [31m inside error handler: 3067 some Error occurred while processing your request. please try again, if the problem persist, Please contact us[39m
18-10-2023 15:49:24:4924 [31merror[39m: [31m inside error handler: 3067 some Error occurred while processing your request. please try again, if the problem persist, Please contact us[39m
18-10-2023 15:51:00:510 [31merror[39m: [31m inside error handler: 122 Email already regiered[39m
18-10-2023 16:26:18:2618 [31merror[39m: [31m inside error handler: 3067 some Error occurred while processing your request. please try again, if the problem persist, Please contact us[39m
18-10-2023 16:48:36:4836 [31merror[39m: [31m inside error handler: 121 Invalid emaill address or password![39m
18-10-2023 16:48:42:4842 [31merror[39m: [31m inside error handler: 121 Invalid emaill address or password![39m
18-10-2023 16:49:16:4916 [31merror[39m: [31m inside error handler: 121 Invalid emaill address or password![39m
18-10-2023 16:49:53:4953 [31merror[39m: [31m inside error handler: 121 Invalid emaill address or password![39m
18-10-2023 16:49:55:4955 [31merror[39m: [31m inside error handler: 121 Invalid emaill address or password![39m
18-10-2023 16:50:07:507 [31merror[39m: [31m inside error handler: 121 Invalid emaill address or password![39m
18-10-2023 16:50:09:509 [31merror[39m: [31m inside error handler: 121 Invalid emaill address or password![39m
18-10-2023 16:50:11:5011 [31merror[39m: [31m inside error handler: 121 Invalid emaill address or password![39m
18-10-2023 16:50:40:5040 [31merror[39m: [31m inside error handler: 121 Invalid emaill address or password![39m
18-10-2023 16:50:46:5046 [31merror[39m: [31m inside error handler: 121 Invalid emaill address or password![39m
18-10-2023 17:01:35:135 [31merror[39m: [31m inside error handler: 3067 some Error occurred while processing your request. please try again, if the problem persist, Please contact us[39m
18-10-2023 17:02:04:24 [31merror[39m: [31m inside error handler: 3067 some Error occurred while processing your request. please try again, if the problem persist, Please contact us[39m
18-10-2023 17:02:23:223 [31merror[39m: [31m inside error handler: 3067 some Error occurred while processing your request. please try again, if the problem persist, Please contact us[39m
18-10-2023 17:03:28:328 [31merror[39m: [31m inside error handler: 120 Account Not Found[39m
18-10-2023 17:32:21:3221 [31merror[39m: [31m inside error handler: 120 Account Not Found[39m
18-10-2023 17:32:29:3229 [31merror[39m: [31m inside error handler: 120 Account Not Found[39m
18-10-2023 17:33:11:3311 [31merror[39m: [31m inside error handler: 120 Account Not Found[39m
18-10-2023 17:34:32:3432 [31merror[39m: [31m inside error handler: 120 Account Not Found[39m
18-10-2023 17:35:48:3548 [31merror[39m: [31m inside error handler: 120 Account Not Found[39m
18-10-2023 17:36:39:3639 [31merror[39m: [31m inside error handler: 120 Account Not Found[39m
18-10-2023 20:20:58:2058 [31merror[39m: [31m inside error handler: 102 incorrect email or password[39m
18-10-2023 20:21:08:218 [31merror[39m: [31m inside error handler: 102 incorrect email or password[39m
23-10-2023 18:04:06:46 [31merror[39m: [31m inside error handler: 3067 some Error occurred while processing your request. please try again, if the problem persist, Please contact us[39m
23-10-2023 18:04:27:427 [31merror[39m: [31m inside error handler: 3067 some Error occurred while processing your request. please try again, if the problem persist, Please contact us[39m
23-10-2023 18:37:34:3734 [31merror[39m: [31m inside error handler: Error: Not Found[39m
23-10-2023 18:37:51:3751 [31merror[39m: [31m inside error handler: Error: Not Found[39m
23-10-2023 18:38:19:3819 [31merror[39m: [31m inside error handler: 3067 some Error occurred while processing your request. please try again, if the problem persist, Please contact us[39m
24-10-2023 09:25:24:2524 [31merror[39m: [31m inside error handler: 3067 some Error occurred while processing your request. please try again, if the problem persist, Please contact us[39m
24-10-2023 09:25:50:2550 [31merror[39m: [31m inside error handler: 3067 some Error occurred while processing your request. please try again, if the problem persist, Please contact us[39m
24-10-2023 09:27:30:2730 [31merror[39m: [31m inside error handler: 3067 some Error occurred while processing your request. please try again, if the problem persist, Please contact us[39m
24-10-2023 09:27:48:2748 [31merror[39m: [31m inside error handler: 3067 some Error occurred while processing your request. please try again, if the problem persist, Please contact us[39m
24-10-2023 09:29:53:2953 [31merror[39m: [31m inside error handler: 3067 some Error occurred while processing your request. please try again, if the problem persist, Please contact us[39m
24-10-2023 09:30:31:3031 [31merror[39m: [31m inside error handler: 3067 some Error occurred while processing your request. please try again, if the problem persist, Please contact us[39m
24-10-2023 09:31:28:3128 [31merror[39m: [31m inside error handler: 3067 some Error occurred while processing your request. please try again, if the problem persist, Please contact us[39m
24-10-2023 09:33:06:336 [31merror[39m: [31m inside error handler: 3067 some Error occurred while processing your request. please try again, if the problem persist, Please contact us[39m
24-10-2023 09:48:34:4834 [31merror[39m: [31m inside error handler: 3067 some Error occurred while processing your request. please try again, if the problem persist, Please contact us[39m
24-10-2023 09:50:47:5047 [31merror[39m: [31m inside error handler: 3067 some Error occurred while processing your request. please try again, if the problem persist, Please contact us[39m
24-10-2023 10:08:03:83 [31merror[39m: [31m inside error handler: 3067 some Error occurred while processing your request. please try again, if the problem persist, Please contact us[39m
24-10-2023 10:08:36:836 [31merror[39m: [31m inside error handler: 3067 some Error occurred while processing your request. please try again, if the problem persist, Please contact us[39m
24-10-2023 10:12:26:1226 [31merror[39m: [31m inside error handler: 3067 some Error occurred while processing your request. please try again, if the problem persist, Please contact us[39m
24-10-2023 10:16:10:1610 [31merror[39m: [31m inside error handler: 3067 some Error occurred while processing your request. please try again, if the problem persist, Please contact us[39m
05-11-2023 10:07:47:747 [31merror[39m: [31m inside error handler: 3067 some Error occurred while processing your request. please try again, if the problem persist, Please contact us[39m
05-01-2024 15:34:34:3434 [31merror[39m: [31m inside error handler: Error: Not Found[39m
05-01-2024 15:34:42:3442 [31merror[39m: [31m inside error handler: Error: Not Found[39m
05-01-2024 15:34:44:3444 [31merror[39m: [31m inside error handler: Error: Not Found[39m
05-01-2024 15:36:16:3616 [31merror[39m: [31m inside error handler: 3067 some Error occurred while processing your request. please try again, if the problem persist, Please contact us[39m
05-01-2024 15:39:14:3914 [31merror[39m: [31m inside error handler: 3067 some Error occurred while processing your request. please try again, if the problem persist, Please contact us[39m
05-01-2024 15:39:34:3934 [31merror[39m: [31m inside error handler: 3067 some Error occurred while processing your request. please try again, if the problem persist, Please contact us[39m
05-01-2024 15:39:53:3953 [31merror[39m: [31m inside error handler: 3067 some Error occurred while processing your request. please try again, if the problem persist, Please contact us[39m
05-01-2024 15:42:36:4236 [31merror[39m: [31m inside error handler: Error: Not Found[39m
05-01-2024 15:42:48:4248 [31merror[39m: [31m inside error handler: 3067 some Error occurred while processing your request. please try again, if the problem persist, Please contact us[39m
05-01-2024 15:43:34:4334 [31merror[39m: [31m inside error handler: 3067 some Error occurred while processing your request. please try again, if the problem persist, Please contact us[39m
05-01-2024 17:43:09:439 [31merror[39m: [31m inside error handler: 100 Please Provide Product Name[39m
05-01-2024 17:43:56:4356 [31merror[39m: [31m inside error handler: 100 Please Provide Product Name[39m
05-01-2024 17:57:06:576 [31merror[39m: [31m inside error handler: 3067 some Error occurred while processing your request. please try again, if the problem persist, Please contact us[39m
05-01-2024 18:04:37:437 [31merror[39m: [31m inside error handler: 3067 some Error occurred while processing your request. please try again, if the problem persist, Please contact us[39m
05-01-2024 18:05:00:50 [31merror[39m: [31m inside error handler: 3067 some Error occurred while processing your request. please try again, if the problem persist, Please contact us[39m
05-01-2024 18:08:07:87 [31merror[39m: [31m inside error handler: 3067 some Error occurred while processing your request. please try again, if the problem persist, Please contact us[39m
05-01-2024 18:08:32:832 [31merror[39m: [31m inside error handler: 3067 some Error occurred while processing your request. please try again, if the problem persist, Please contact us[39m
05-01-2024 18:16:10:1610 [31merror[39m: [31m inside error handler: 3067 some Error occurred while processing your request. please try again, if the problem persist, Please contact us[39m
05-01-2024 18:22:07:227 [31merror[39m: [31m inside error handler: 3067 some Error occurred while processing your request. please try again, if the problem persist, Please contact us[39m
05-01-2024 18:31:17:3117 [31merror[39m: [31m inside error handler: Error: Not Found[39m
06-01-2024 15:52:23:5223 [31merror[39m: [31m inside error handler: 101 Please Provide Year[39m
07-01-2024 20:28:42:2842 [31merror[39m: [31m inside error handler: 100 Please Provide Product Name[39m
07-01-2024 20:28:44:2844 [31merror[39m: [31m inside error handler: 100 Please Provide Product Name[39m
07-01-2024 20:29:01:291 [31merror[39m: [31m inside error handler: 100 Please Provide Product Name[39m
07-01-2024 20:29:08:298 [31merror[39m: [31m inside error handler: 100 Please Provide Product Name[39m
